Watching for file changes with StatReloader
"GET / HTTP/1.1" 200 42972
"GET /static/css/style.css HTTP/1.1" 200 26412
"GET /static/js/script.js HTTP/1.1" 200 11246
"GET /static/img/dds-mgmt1.png HTTP/1.1" 200 58760
"GET /static/favicon/site.webmanifest HTTP/1.1" 200 263
"GET /static/favicon/favicon.ico HTTP/1.1" 200 15406
"GET /static/img/test-agent.jpg HTTP/1.1" 200 507913
"GET /static/img/6.jpg HTTP/1.1" 200 438864
Not Found: /.well-known/appspecific/com.chrome.devtools.json
"GET /.well-known/appspecific/com.chrome.devtools.json HTTP/1.1" 404 3341
"GET /?page=2 HTTP/1.1" 200 25832
"GET /?page=1 HTTP/1.1" 200 43000
Not Found: /.well-known/appspecific/com.chrome.devtools.json
"GET /.well-known/appspecific/com.chrome.devtools.json HTTP/1.1" 404 3341
Not Found: /.well-known/appspecific/com.chrome.devtools.json
"GET /.well-known/appspecific/com.chrome.devtools.json HTTP/1.1" 404 3341
Watching for file changes with StatReloader
"GET / HTTP/1.1" 200 42972
"GET /static/css/style.css HTTP/1.1" 304 0
"GET /static/img/dds-mgmt1.png HTTP/1.1" 200 58760
"GET /static/js/script.js HTTP/1.1" 200 11246
"GET /static/img/6.jpg HTTP/1.1" 200 438864
"GET /static/img/test-agent.jpg HTTP/1.1" 200 507913
"GET /static/favicon/site.webmanifest HTTP/1.1" 200 263
"GET /static/favicon/favicon.ico HTTP/1.1" 200 15406
"GET / HTTP/1.1" 200 42972
"GET /static/css/style.css HTTP/1.1" 200 25524
"GET /static/img/dds-mgmt1.png HTTP/1.1" 200 58760
"GET /static/js/script.js HTTP/1.1" 200 10964
"GET / HTTP/1.1" 200 42972
"GET /static/css/style.css HTTP/1.1" 200 25524
"GET /static/img/dds-mgmt1.png HTTP/1.1" 200 58760
"GET /static/js/script.js HTTP/1.1" 200 10964
"GET /static/img/6.jpg HTTP/1.1" 200 438864
"GET /static/img/test-agent.jpg HTTP/1.1" 200 507913
"GET /static/favicon/favicon.ico HTTP/1.1" 200 15406
"GET /static/css/style.css HTTP/1.1" 304 0
Not Found: /.well-known/appspecific/com.chrome.devtools.json
"GET /.well-known/appspecific/com.chrome.devtools.json HTTP/1.1" 404 3341
"HEAD / HTTP/1.1" 200 0
Not Found: /.well-known/appspecific/com.chrome.devtools.json
"GET /.well-known/appspecific/com.chrome.devtools.json HTTP/1.1" 404 3341
"GET / HTTP/1.1" 200 42523
"GET /static/img/dds-mgmt1.png HTTP/1.1" 304 0
"GET /static/css/style.css HTTP/1.1" 200 25524
"GET /static/js/script.js HTTP/1.1" 200 10964
"GET /static/img/test-agent.jpg HTTP/1.1" 304 0
"GET /static/img/6.jpg HTTP/1.1" 304 0
"GET /static/favicon/site.webmanifest HTTP/1.1" 304 0
"GET /static/favicon/favicon.ico HTTP/1.1" 304 0
"POST /contact/ HTTP/1.1" 302 0
"GET / HTTP/1.1" 200 42523
"GET /static/js/script.js HTTP/1.1" 304 0
"GET /static/css/style.css HTTP/1.1" 200 25631
/home/kevin/Documents/projekt/DDS-Management/dds/settings.py changed, reloading.
Watching for file changes with StatReloader
/home/kevin/Documents/projekt/DDS-Management/dds/settings.py changed, reloading.
Watching for file changes with StatReloader
"GET / HTTP/1.1" 200 42523
"GET /static/css/style.css HTTP/1.1" 200 25631
"GET /static/js/script.js HTTP/1.1" 200 10964
"GET /static/img/dds-mgmt1.png HTTP/1.1" 200 58760
"GET /static/img/test-agent.jpg HTTP/1.1" 200 507913
"GET /static/img/6.jpg HTTP/1.1" 200 438864
"GET /static/favicon/favicon.ico HTTP/1.1" 200 15406
"POST /contact/ HTTP/1.1" 302 0
"GET / HTTP/1.1" 200 42523
/home/kevin/Documents/projekt/DDS-Management/dds/settings.py changed, reloading.
Watching for file changes with StatReloader
/home/kevin/Documents/projekt/DDS-Management/dds/settings.py changed, reloading.
Watching for file changes with StatReloader
"GET / HTTP/1.1" 200 42523
"GET /static/js/script.js HTTP/1.1" 200 10964
"GET /static/css/style.css HTTP/1.1" 200 25631
"GET /static/img/dds-mgmt1.png HTTP/1.1" 200 58760
"GET /static/img/6.jpg HTTP/1.1" 200 438864
"GET /static/img/test-agent.jpg HTTP/1.1" 200 507913
"GET /static/favicon/favicon.ico HTTP/1.1" 200 15406
"POST /contact/ HTTP/1.1" 302 0
"GET / HTTP/1.1" 200 42523
"GET /?page=2 HTTP/1.1" 200 25383
"GET /static/css/style.css HTTP/1.1" 304 0
"GET /static/js/script.js HTTP/1.1" 304 0
/home/kevin/Documents/projekt/DDS-Management/dds/settings.py changed, reloading.
Watching for file changes with StatReloader
"GET /?page=1 HTTP/1.1" 200 42551
/home/kevin/Documents/projekt/DDS-Management/dds/settings.py changed, reloading.
Watching for file changes with StatReloader
/home/kevin/Documents/projekt/DDS-Management/dds/settings.py changed, reloading.
Watching for file changes with StatReloader
/home/kevin/Documents/projekt/DDS-Management/dds/settings.py changed, reloading.
Watching for file changes with StatReloader
/home/kevin/Documents/projekt/DDS-Management/dds/settings.py changed, reloading.
Watching for file changes with StatReloader
"GET /?page=1 HTTP/1.1" 200 42551
"GET /static/css/style.css HTTP/1.1" 200 25631
"GET /static/js/script.js HTTP/1.1" 200 10964
"GET /static/img/dds-mgmt1.png HTTP/1.1" 200 58760
"GET /static/img/6.jpg HTTP/1.1" 200 438864
"GET /static/img/test-agent.jpg HTTP/1.1" 200 507913
"GET /static/favicon/favicon.ico HTTP/1.1" 200 15406
"POST /contact/ HTTP/1.1" 302 0
"GET / HTTP/1.1" 200 42523
"GET / HTTP/1.1" 200 42523
"GET /static/css/style.css HTTP/1.1" 200 25631
"GET /static/img/dds-mgmt1.png HTTP/1.1" 200 58760
"GET /static/js/script.js HTTP/1.1" 200 10964
"GET /static/img/test-agent.jpg HTTP/1.1" 200 507913
"GET /static/img/6.jpg HTTP/1.1" 200 438864
"GET /static/favicon/favicon.ico HTTP/1.1" 200 15406
"GET / HTTP/1.1" 200 42523
"GET /static/css/style.css HTTP/1.1" 200 25631
"GET /static/img/dds-mgmt1.png HTTP/1.1" 200 58760
"GET /static/js/script.js HTTP/1.1" 200 10964
"GET /static/img/6.jpg HTTP/1.1" 200 438864
"GET /static/img/test-agent.jpg HTTP/1.1" 200 507913
"GET /static/favicon/favicon.ico HTTP/1.1" 200 15406
"GET / HTTP/1.1" 200 42523
"GET /static/css/style.css HTTP/1.1" 200 25631
"GET /static/img/dds-mgmt1.png HTTP/1.1" 200 58760
"GET /static/js/script.js HTTP/1.1" 200 10964
"GET /static/img/6.jpg HTTP/1.1" 200 438864
"GET /static/img/test-agent.jpg HTTP/1.1" 200 507913
"GET /static/favicon/favicon.ico HTTP/1.1" 200 15406
"GET / HTTP/1.1" 200 42523
"GET /static/css/style.css HTTP/1.1" 200 25631
"GET /static/img/dds-mgmt1.png HTTP/1.1" 200 58760
"GET /static/js/script.js HTTP/1.1" 200 10964
"GET /static/img/6.jpg HTTP/1.1" 200 438864
"GET /static/img/test-agent.jpg HTTP/1.1" 200 507913
"GET / HTTP/1.1" 200 42523
"GET /static/favicon/favicon.ico HTTP/1.1" 200 15406
"GET /static/favicon/favicon-32x32.png HTTP/1.1" 200 1389
"GET /static/css/style.css HTTP/1.1" 200 25631
"GET /static/img/dds-mgmt1.png HTTP/1.1" 200 58760
"GET /static/js/script.js HTTP/1.1" 200 10964
"GET /static/img/6.jpg HTTP/1.1" 200 438864
"GET /static/img/test-agent.jpg HTTP/1.1" 200 507913
"GET / HTTP/1.1" 200 42523
"GET /static/favicon/favicon.ico HTTP/1.1" 200 15406
"GET /static/favicon/favicon-32x32.png HTTP/1.1" 200 1389
"GET /static/css/style.css HTTP/1.1" 200 25631
"GET /static/img/dds-mgmt1.png HTTP/1.1" 200 58760
"GET /static/js/script.js HTTP/1.1" 200 10964
"GET /static/img/6.jpg HTTP/1.1" 200 438864
"GET /static/img/test-agent.jpg HTTP/1.1" 200 507913
"GET / HTTP/1.1" 200 42523
"GET /static/favicon/favicon.ico HTTP/1.1" 200 15406
"GET /static/favicon/favicon-32x32.png HTTP/1.1" 200 1389
"GET /static/css/style.css HTTP/1.1" 200 25631
"GET /static/img/dds-mgmt1.png HTTP/1.1" 200 58760
"GET /static/js/script.js HTTP/1.1" 200 10964
"GET /static/img/6.jpg HTTP/1.1" 200 438864
"GET /static/img/test-agent.jpg HTTP/1.1" 200 507913
"GET / HTTP/1.1" 200 42523
"GET /static/favicon/favicon.ico HTTP/1.1" 200 15406
"GET /static/img/dds-mgmt1.png HTTP/1.1" 200 58760
"GET /static/css/style.css HTTP/1.1" 200 25631
"GET /static/js/script.js HTTP/1.1" 200 10964
"GET /static/img/6.jpg HTTP/1.1" 200 438864
"GET /static/img/test-agent.jpg HTTP/1.1" 200 507913
"GET / HTTP/1.1" 200 42523
"GET /static/css/style.css HTTP/1.1" 200 25631
"GET /static/img/dds-mgmt1.png HTTP/1.1" 200 58760
"GET /static/js/script.js HTTP/1.1" 200 10964
"GET /static/img/test-agent.jpg HTTP/1.1" 200 507913
"GET /static/img/6.jpg HTTP/1.1" 200 438864
"GET /static/favicon/favicon.ico HTTP/1.1" 200 15406
"GET /admin/ HTTP/1.1" 302 0
"GET /admin/login/?next=/admin/ HTTP/1.1" 200 4653
"GET /static/admin/css/base.css HTTP/1.1" 304 0
"GET /static/admin/css/dark_mode.css HTTP/1.1" 304 0
"GET /static/admin/css/login.css HTTP/1.1" 304 0
"GET /static/admin/css/nav_sidebar.css HTTP/1.1" 304 0
"GET /static/admin/css/responsive.css HTTP/1.1" 304 0
"GET /static/admin/js/theme.js HTTP/1.1" 304 0
"GET /static/admin/js/nav_sidebar.js HTTP/1.1" 304 0
"GET /static/admin/img/icon-yes.svg HTTP/1.1" 200 436
Not Found: /favicon.ico
"GET /favicon.ico HTTP/1.1" 404 3230
"POST /admin/login/?next=/admin/ HTTP/1.1" 200 4337
"POST /admin/login/?next=/admin/ HTTP/1.1" 302 0
"GET /admin/ HTTP/1.1" 200 13195
"GET /static/admin/css/dashboard.css HTTP/1.1" 304 0
"GET /static/admin/img/icon-addlink.svg HTTP/1.1" 304 0
"GET /static/admin/img/icon-changelink.svg HTTP/1.1" 304 0
"GET /static/admin/img/icon-deletelink.svg HTTP/1.1" 304 0
"GET / HTTP/1.1" 200 42523
"GET /static/css/style.css HTTP/1.1" 200 25631
"GET /static/img/dds-mgmt1.png HTTP/1.1" 200 58760
"GET /static/js/script.js HTTP/1.1" 200 10964
Not Found: /{% static 'img/dadi.png}
"GET /%7B%%20static%20'img/dadi.png%7D HTTP/1.1" 404 3294
"GET /static/img/erik.png%20%20%20%20%20%20%20%20%20%20%20%20%20%20%20%20%20%20%20%20%20%20%20%20%20%20%20%20%20alt= HTTP/1.1" 404 2009
"GET / HTTP/1.1" 200 42523
"GET /static/css/style.css HTTP/1.1" 200 25631
"GET /static/img/dds-mgmt1.png HTTP/1.1" 200 58760
"GET /static/js/script.js HTTP/1.1" 200 10964
Not Found: /{% static 'img/dadi.png}
"GET /static/img/erik.png%20%20%20%20%20%20%20%20%20%20%20%20%20%20%20%20%20%20%20%20%20%20%20%20%20%20%20%20%20alt= HTTP/1.1" 404 2009
"GET /%7B%%20static%20'img/dadi.png%7D HTTP/1.1" 404 3294
"GET /static/favicon/favicon.ico HTTP/1.1" 200 15406
"GET / HTTP/1.1" 200 42523
"GET /static/css/style.css HTTP/1.1" 200 25631
"GET /static/img/dds-mgmt1.png HTTP/1.1" 200 58760
"GET /static/js/script.js HTTP/1.1" 200 10964
Not Found: /{% static 'img/dadi.png}
"GET /%7B%%20static%20'img/dadi.png%7D HTTP/1.1" 404 3294
"GET /static/img/erik.png%20%20%20%20%20%20%20%20%20%20%20%20%20%20%20%20%20%20%20%20%20%20%20%20%20%20%20%20%20alt= HTTP/1.1" 404 2009
"GET /static/favicon/favicon.ico HTTP/1.1" 200 15406
"GET / HTTP/1.1" 200 42523
"GET /static/css/style.css HTTP/1.1" 200 25631
"GET /static/img/dds-mgmt1.png HTTP/1.1" 200 58760
"GET /static/js/script.js HTTP/1.1" 200 10964
Not Found: /{% static 'img/dadi.png}
"GET /static/img/erik.png%20%20%20%20%20%20%20%20%20%20%20%20%20%20%20%20%20%20%20%20%20%20%20%20%20%20%20%20%20alt= HTTP/1.1" 404 2009
"GET /%7B%%20static%20'img/dadi.png%7D HTTP/1.1" 404 3294
"GET /static/favicon/favicon.ico HTTP/1.1" 200 15406
"GET / HTTP/1.1" 200 42523
"GET /static/css/style.css HTTP/1.1" 200 25631
"GET /static/img/dds-mgmt1.png HTTP/1.1" 200 58760
"GET /static/js/script.js HTTP/1.1" 200 10964
Not Found: /{% static 'img/dadi.png}
"GET /%7B%%20static%20'img/dadi.png%7D HTTP/1.1" 404 3294
"GET /static/img/erik.png%20%20%20%20%20%20%20%20%20%20%20%20%20%20%20%20%20%20%20%20%20%20%20%20%20%20%20%20%20alt= HTTP/1.1" 404 2009
"GET /static/favicon/favicon.ico HTTP/1.1" 200 15406
"GET / HTTP/1.1" 200 42523
"GET /static/css/style.css HTTP/1.1" 200 25631
"GET /static/img/dds-mgmt1.png HTTP/1.1" 200 58760
"GET /static/js/script.js HTTP/1.1" 200 10964
Not Found: /{% static 'img/dadi.png}
"GET /static/img/erik.png%20%20%20%20%20%20%20%20%20%20%20%20%20%20%20%20%20%20%20%20%20%20%20%20%20%20%20%20%20alt= HTTP/1.1" 404 2009
"GET /%7B%%20static%20'img/dadi.png%7D HTTP/1.1" 404 3294
"GET /static/favicon/favicon.ico HTTP/1.1" 200 15406
"GET / HTTP/1.1" 200 42523
"GET /static/css/style.css HTTP/1.1" 200 25631
"GET /static/img/dds-mgmt1.png HTTP/1.1" 200 58760
"GET /static/js/script.js HTTP/1.1" 200 10964
Not Found: /{% static 'img/dadi.png}
"GET /%7B%%20static%20'img/dadi.png%7D HTTP/1.1" 404 3294
"GET /static/img/erik.png%20%20%20%20%20%20%20%20%20%20%20%20%20%20%20%20%20%20%20%20%20%20%20%20%20%20%20%20%20alt= HTTP/1.1" 404 2009
"GET / HTTP/1.1" 200 42523
"GET /static/css/style.css HTTP/1.1" 200 25631
"GET /static/img/dds-mgmt1.png HTTP/1.1" 200 58760
"GET /static/favicon/favicon.ico HTTP/1.1" 200 15406
"GET /static/js/script.js HTTP/1.1" 200 10964
"GET /static/favicon/site.webmanifest HTTP/1.1" 200 263
Not Found: /{% static 'img/dadi.png}
"GET /static/img/erik.png%20%20%20%20%20%20%20%20%20%20%20%20%20%20%20%20%20%20%20%20%20%20%20%20%20%20%20%20%20alt= HTTP/1.1" 404 2009
"GET /%7B%%20static%20'img/dadi.png%7D HTTP/1.1" 404 3294
"GET / HTTP/1.1" 200 42523
"GET /static/css/style.css HTTP/1.1" 200 25631
"GET /static/img/dds-mgmt1.png HTTP/1.1" 200 58760
"GET /static/js/script.js HTTP/1.1" 200 10964
Not Found: /{% static 'img/dadi.png}
"GET /%7B%%20static%20'img/dadi.png%7D HTTP/1.1" 404 3294
"GET /static/img/erik.png%20%20%20%20%20%20%20%20%20%20%20%20%20%20%20%20%20%20%20%20%20%20%20%20%20%20%20%20%20alt= HTTP/1.1" 404 2009
"GET /static/favicon/favicon.ico HTTP/1.1" 200 15406
Watching for file changes with StatReloader
"GET / HTTP/1.1" 200 42524
"GET /static/css/style.css HTTP/1.1" 200 25631
"GET /static/js/script.js HTTP/1.1" 200 10964
"GET /static/img/dds-mgmt1.png HTTP/1.1" 200 58760
Not Found: /{% static 'img/dadi.png}
"GET /%7B%%20static%20'img/dadi.png%7D HTTP/1.1" 404 3294
"GET /static/img/dadi.png HTTP/1.1" 200 2755553
Not Found: /{% static 'img/dadi.png}
"GET /%7B%%20static%20'img/dadi.png%7D HTTP/1.1" 404 3294
"GET /static/favicon/favicon.ico HTTP/1.1" 200 15406
"GET / HTTP/1.1" 200 42524
"GET /static/css/style.css HTTP/1.1" 200 25631
"GET /static/img/dds-mgmt1.png HTTP/1.1" 200 58760
"GET /static/js/script.js HTTP/1.1" 200 10964
Not Found: /{% static 'img/dadi.png}
"GET /%7B%%20static%20'img/dadi.png%7D HTTP/1.1" 404 3294
"GET /static/img/dadi.png HTTP/1.1" 200 2755553
"GET /static/favicon/favicon.ico HTTP/1.1" 200 15406
"GET / HTTP/1.1" 200 42524
"GET /static/css/style.css HTTP/1.1" 200 25631
"GET /static/img/dds-mgmt1.png HTTP/1.1" 200 58760
"GET /static/js/script.js HTTP/1.1" 200 10964
Not Found: /{% static 'img/dadi.png}
"GET /%7B%%20static%20'img/dadi.png%7D HTTP/1.1" 404 3294
"GET /static/img/dadi.png HTTP/1.1" 200 2755553
"GET /static/favicon/favicon.ico HTTP/1.1" 200 15406
"GET / HTTP/1.1" 200 42524
"GET /static/css/style.css HTTP/1.1" 200 25631
"GET /static/img/dds-mgmt1.png HTTP/1.1" 200 58760
"GET /static/js/script.js HTTP/1.1" 200 10964
Not Found: /{% static 'img/dadi.png}
"GET /%7B%%20static%20'img/dadi.png%7D HTTP/1.1" 404 3294
"GET /static/img/dadi.png HTTP/1.1" 200 2755553
"GET /static/favicon/favicon.ico HTTP/1.1" 200 15406
"GET / HTTP/1.1" 200 42524
"GET /static/css/style.css HTTP/1.1" 200 25631
"GET /static/img/dds-mgmt1.png HTTP/1.1" 200 58760
"GET /static/js/script.js HTTP/1.1" 200 10964
Not Found: /{% static 'img/dadi.png}
"GET /%7B%%20static%20'img/dadi.png%7D HTTP/1.1" 404 3294
"GET /static/img/dadi.png HTTP/1.1" 200 2755553
"GET /static/favicon/favicon.ico HTTP/1.1" 200 15406
"GET / HTTP/1.1" 200 42524
"GET /static/img/dds-mgmt1.png HTTP/1.1" 200 58760
"GET /static/css/style.css HTTP/1.1" 200 25631
"GET /static/js/script.js HTTP/1.1" 200 10964
Not Found: /{% static 'img/dadi.png}
"GET /%7B%%20static%20'img/dadi.png%7D HTTP/1.1" 404 3294
"GET /static/img/dadi.png HTTP/1.1" 200 2755553
"GET /static/favicon/favicon.ico HTTP/1.1" 200 15406
"GET / HTTP/1.1" 200 42524
"GET /static/css/style.css HTTP/1.1" 200 25631
"GET /static/img/dds-mgmt1.png HTTP/1.1" 200 58760
"GET /static/js/script.js HTTP/1.1" 200 10964
Not Found: /{% static 'img/dadi.png}
"GET /%7B%%20static%20'img/dadi.png%7D HTTP/1.1" 404 3294
"GET /static/img/dadi.png HTTP/1.1" 200 2755553
"GET / HTTP/1.1" 200 42524
"GET /static/favicon/favicon.ico HTTP/1.1" 200 15406
"GET /static/css/style.css HTTP/1.1" 200 25631
"GET /static/img/dds-mgmt1.png HTTP/1.1" 200 58760
"GET /static/js/script.js HTTP/1.1" 200 10964
Not Found: /{% static 'img/dadi.png}
"GET /%7B%%20static%20'img/dadi.png%7D HTTP/1.1" 404 3294
"GET /static/img/dadi.png HTTP/1.1" 200 2755553
"GET / HTTP/1.1" 200 42524
"GET /static/css/style.css HTTP/1.1" 200 25631
"GET /static/img/dds-mgmt1.png HTTP/1.1" 200 58760
"GET /static/js/script.js HTTP/1.1" 200 10964
Not Found: /{% static 'img/dadi.png}
"GET /%7B%%20static%20'img/dadi.png%7D HTTP/1.1" 404 3294
"GET /static/img/dadi.png HTTP/1.1" 200 2755553
"GET /static/favicon/favicon.ico HTTP/1.1" 200 15406
"GET / HTTP/1.1" 200 42524
"GET /static/css/style.css HTTP/1.1" 200 25631
"GET /static/img/dds-mgmt1.png HTTP/1.1" 200 58760
"GET /static/js/script.js HTTP/1.1" 200 10964
Not Found: /{% static 'img/dadi.png}
"GET /%7B%%20static%20'img/dadi.png%7D HTTP/1.1" 404 3294
"GET /static/img/dadi.png HTTP/1.1" 200 2755553
"GET /static/favicon/favicon.ico HTTP/1.1" 200 15406
"GET / HTTP/1.1" 200 42524
"GET /static/img/dds-mgmt1.png HTTP/1.1" 200 58760
"GET /static/css/style.css HTTP/1.1" 200 25631
"GET /static/js/script.js HTTP/1.1" 200 10964
Not Found: /{% static 'img/dadi.png}
"GET /%7B%%20static%20'img/dadi.png%7D HTTP/1.1" 404 3294
"GET /static/img/dadi.png HTTP/1.1" 200 2755553
"GET /static/favicon/favicon.ico HTTP/1.1" 200 15406
"GET / HTTP/1.1" 200 42524
"GET /static/css/style.css HTTP/1.1" 200 25631
"GET /static/img/dds-mgmt1.png HTTP/1.1" 200 58760
"GET /static/js/script.js HTTP/1.1" 200 10964
Not Found: /{% static 'img/dadi.png}
"GET /%7B%%20static%20'img/dadi.png%7D HTTP/1.1" 404 3294
"GET /static/img/dadi.png HTTP/1.1" 200 2755553
"GET /static/favicon/favicon.ico HTTP/1.1" 200 15406
"GET / HTTP/1.1" 200 42524
"GET /static/css/style.css HTTP/1.1" 200 25631
"GET /static/img/dds-mgmt1.png HTTP/1.1" 200 58760
"GET /static/js/script.js HTTP/1.1" 200 10964
Not Found: /{% static 'img/dadi.png}
"GET /%7B%%20static%20'img/dadi.png%7D HTTP/1.1" 404 3294
"GET /static/img/dadi.png HTTP/1.1" 200 2755553
"GET /static/favicon/favicon.ico HTTP/1.1" 200 15406
"GET / HTTP/1.1" 200 42524
"GET /static/css/style.css HTTP/1.1" 200 25631
"GET /static/img/dds-mgmt1.png HTTP/1.1" 200 58760
"GET /static/js/script.js HTTP/1.1" 200 10964
Not Found: /{% static 'img/dadi.png}
"GET /%7B%%20static%20'img/dadi.png%7D HTTP/1.1" 404 3294
"GET /static/img/dadi.png HTTP/1.1" 200 2755553
"GET / HTTP/1.1" 200 42524
Not Found: /{% static 'img/dadi.png}
"GET /%7B%%20static%20'img/dadi.png%7D HTTP/1.1" 404 3294
"GET /static/css/style.css HTTP/1.1" 200 25631
"GET /static/img/dds-mgmt1.png HTTP/1.1" 200 58760
"GET /static/js/script.js HTTP/1.1" 200 10964
Not Found: /{% static 'img/dadi.png}
"GET /%7B%%20static%20'img/dadi.png%7D HTTP/1.1" 404 3294
"GET /static/img/dadi.png HTTP/1.1" 200 2755553
"GET / HTTP/1.1" 200 42524
"GET /static/favicon/favicon.ico HTTP/1.1" 200 15406
"GET /static/css/style.css HTTP/1.1" 200 25631
"GET /static/img/dds-mgmt1.png HTTP/1.1" 200 58760
"GET /static/favicon/favicon-32x32.png HTTP/1.1" 200 1389
"GET /static/js/script.js HTTP/1.1" 200 10964
Not Found: /{% static 'img/dadi.png}
"GET /%7B%%20static%20'img/dadi.png%7D HTTP/1.1" 404 3294
"GET /static/img/dadi.png HTTP/1.1" 200 2755553
"GET /static/favicon/favicon.ico HTTP/1.1" 200 15406
"GET / HTTP/1.1" 200 42524
"GET /static/css/style.css HTTP/1.1" 200 25631
"GET /static/img/dds-mgmt1.png HTTP/1.1" 200 58760
"GET /static/js/script.js HTTP/1.1" 200 10964
Not Found: /{% static 'img/dadi.png}
"GET /%7B%%20static%20'img/dadi.png%7D HTTP/1.1" 404 3294
"GET /static/img/dadi.png HTTP/1.1" 200 2755553
"GET /static/favicon/favicon.ico HTTP/1.1" 200 15406
"GET / HTTP/1.1" 200 42524
"GET /static/css/style.css HTTP/1.1" 200 25631
"GET /static/img/dds-mgmt1.png HTTP/1.1" 200 58760
"GET /static/js/script.js HTTP/1.1" 200 10964
Not Found: /{% static 'img/dadi.png}
"GET /%7B%%20static%20'img/dadi.png%7D HTTP/1.1" 404 3294
"GET /static/img/dadi.png HTTP/1.1" 200 2755553
Watching for file changes with StatReloader
"GET / HTTP/1.1" 200 42520
"GET /static/js/script.js HTTP/1.1" 200 10964
"GET /static/css/style.css HTTP/1.1" 200 25631
"GET /static/img/dds-mgmt1.png HTTP/1.1" 200 58760
"GET /static/img/dadi.png HTTP/1.1" 200 2755553
"GET /static/img/erik.png HTTP/1.1" 200 2835435
"GET /static/favicon/favicon.ico HTTP/1.1" 200 15406
Watching for file changes with StatReloader
"GET / HTTP/1.1" 200 42520
"GET /static/css/style.css HTTP/1.1" 200 25738
"GET /static/js/script.js HTTP/1.1" 200 10964
"GET /static/img/dds-mgmt1.png HTTP/1.1" 200 58760
"GET /static/img/dadi.png HTTP/1.1" 200 2755553
"GET /static/img/erik.png HTTP/1.1" 200 2835435
"GET /static/favicon/favicon.ico HTTP/1.1" 200 15406
"GET / HTTP/1.1" 200 42520
"GET /static/css/style.css HTTP/1.1" 200 25738
"GET /static/img/dds-mgmt1.png HTTP/1.1" 200 58760
"GET /static/js/script.js HTTP/1.1" 200 10964
"GET /static/img/erik.png HTTP/1.1" 200 2835435
"GET /static/img/dadi.png HTTP/1.1" 200 2755553
"GET /static/favicon/favicon.ico HTTP/1.1" 200 15406
"GET / HTTP/1.1" 200 42520
"GET /static/css/style.css HTTP/1.1" 200 25738
"GET /static/img/dds-mgmt1.png HTTP/1.1" 200 58760
"GET /static/js/script.js HTTP/1.1" 200 10964
"GET /static/img/dadi.png HTTP/1.1" 200 2755553
"GET /static/img/erik.png HTTP/1.1" 200 2835435
"GET /static/favicon/favicon.ico HTTP/1.1" 200 15406
"GET / HTTP/1.1" 200 42520
"GET /static/css/style.css HTTP/1.1" 200 25738
"GET /static/img/dds-mgmt1.png HTTP/1.1" 200 58760
"GET /static/js/script.js HTTP/1.1" 200 10964
"GET /static/img/dadi.png HTTP/1.1" 200 2755553
"GET /static/img/erik.png HTTP/1.1" 200 2835435
"GET /static/favicon/favicon.ico HTTP/1.1" 200 15406
"GET / HTTP/1.1" 200 42520
"GET /static/css/style.css HTTP/1.1" 200 25738
"GET /static/img/dds-mgmt1.png HTTP/1.1" 200 58760
"GET /static/js/script.js HTTP/1.1" 200 10964
"GET /static/img/erik.png HTTP/1.1" 200 2835435
"GET /static/img/dadi.png HTTP/1.1" 200 2755553
"GET /static/favicon/favicon.ico HTTP/1.1" 200 15406
"GET / HTTP/1.1" 200 42520
"GET /static/css/style.css HTTP/1.1" 200 25738
"GET /static/img/dds-mgmt1.png HTTP/1.1" 200 58760
"GET /static/js/script.js HTTP/1.1" 200 10964
"GET /static/img/erik.png HTTP/1.1" 200 2835435
"GET /static/img/dadi.png HTTP/1.1" 200 2755553
"GET /static/favicon/favicon.ico HTTP/1.1" 200 15406
Watching for file changes with StatReloader
"GET / HTTP/1.1" 200 42499
"GET /static/css/style.css HTTP/1.1" 200 25738
"GET /static/js/script.js HTTP/1.1" 200 10964
"GET /static/img/dds-mgmt1.png HTTP/1.1" 200 58760
"GET /static/img/erik.png HTTP/1.1" 200 2835435
"GET /static/img/dadi.png HTTP/1.1" 200 2755553
"GET /static/favicon/favicon.ico HTTP/1.1" 200 15406
"GET / HTTP/1.1" 200 42499
"GET /static/css/style.css HTTP/1.1" 200 25738
"GET /static/img/dds-mgmt1.png HTTP/1.1" 200 58760
"GET /static/js/script.js HTTP/1.1" 200 10964
"GET /static/img/dadi.png HTTP/1.1" 200 2755553
"GET /static/img/erik.png HTTP/1.1" 200 2835435
"GET /static/favicon/favicon.ico HTTP/1.1" 200 15406
"GET / HTTP/1.1" 200 42499
"GET /static/css/style.css HTTP/1.1" 200 25738
"GET /static/img/dds-mgmt1.png HTTP/1.1" 200 58760
"GET /static/js/script.js HTTP/1.1" 200 10964
"GET /static/img/erik.png HTTP/1.1" 200 2835435
"GET /static/img/dadi.png HTTP/1.1" 200 2755553
"GET /static/favicon/favicon.ico HTTP/1.1" 200 15406
"GET / HTTP/1.1" 200 42499
"GET /static/css/style.css HTTP/1.1" 200 25738
"GET /static/img/dds-mgmt1.png HTTP/1.1" 200 58760
"GET /static/js/script.js HTTP/1.1" 200 10964
"GET /static/img/erik.png HTTP/1.1" 200 2835435
"GET /static/img/dadi.png HTTP/1.1" 200 2755553
"GET /static/favicon/favicon.ico HTTP/1.1" 200 15406
"GET / HTTP/1.1" 200 42499
"GET /static/css/style.css HTTP/1.1" 200 25738
"GET /static/img/dds-mgmt1.png HTTP/1.1" 200 58760
"GET /static/js/script.js HTTP/1.1" 200 10964
"GET /static/img/dadi.png HTTP/1.1" 200 2755553
"GET /static/img/erik.png HTTP/1.1" 200 2835435
"GET /static/favicon/favicon.ico HTTP/1.1" 200 15406
"GET / HTTP/1.1" 200 42499
"GET /static/css/style.css HTTP/1.1" 200 25738
"GET /static/img/dds-mgmt1.png HTTP/1.1" 200 58760
"GET /static/js/script.js HTTP/1.1" 200 10964
"GET /static/img/erik.png HTTP/1.1" 200 2835435
"GET /static/img/dadi.png HTTP/1.1" 200 2755553
"GET / HTTP/1.1" 200 42499
"GET /static/favicon/favicon.ico HTTP/1.1" 200 15406
"GET /static/css/style.css HTTP/1.1" 200 25738
"GET /static/img/dds-mgmt1.png HTTP/1.1" 200 58760
"GET /static/js/script.js HTTP/1.1" 200 10964
"GET /static/img/dadi.png HTTP/1.1" 200 2755553
"GET /static/img/erik.png HTTP/1.1" 200 2835435
"GET / HTTP/1.1" 200 42499
"GET /static/css/style.css HTTP/1.1" 200 25738
"GET /static/img/dds-mgmt1.png HTTP/1.1" 200 58760
"GET /static/js/script.js HTTP/1.1" 200 10964
"GET /static/img/dadi.png HTTP/1.1" 200 2755553
"GET /static/img/erik.png HTTP/1.1" 200 2835435
"GET /static/favicon/favicon.ico HTTP/1.1" 200 15406
"GET / HTTP/1.1" 200 42499
"GET /static/css/style.css HTTP/1.1" 200 25738
"GET /static/img/dds-mgmt1.png HTTP/1.1" 200 58760
"GET /static/favicon/favicon-32x32.png HTTP/1.1" 200 1389
"GET /static/js/script.js HTTP/1.1" 200 10964
"GET /static/img/dadi.png HTTP/1.1" 200 2755553
"GET /static/img/erik.png HTTP/1.1" 200 2835435
"GET / HTTP/1.1" 200 42499
"GET /static/css/style.css HTTP/1.1" 200 25738
"GET /static/img/dds-mgmt1.png HTTP/1.1" 200 58760
"GET /static/js/script.js HTTP/1.1" 200 10964
"GET /static/img/erik.png HTTP/1.1" 200 2835435
"GET /static/img/dadi.png HTTP/1.1" 200 2755553
"GET /static/favicon/favicon.ico HTTP/1.1" 200 15406
"GET / HTTP/1.1" 200 42499
"GET /static/css/style.css HTTP/1.1" 200 25738
"GET /static/img/dds-mgmt1.png HTTP/1.1" 200 58760
"GET /static/js/script.js HTTP/1.1" 200 10964
"GET /static/img/dadi.png HTTP/1.1" 200 2755553
"GET /static/img/erik.png HTTP/1.1" 200 2835435
"GET /static/favicon/favicon.ico HTTP/1.1" 200 15406
"GET / HTTP/1.1" 200 42499
"GET /static/css/style.css HTTP/1.1" 200 25738
"GET /static/img/dds-mgmt1.png HTTP/1.1" 200 58760
"GET /static/favicon/favicon-32x32.png HTTP/1.1" 200 1389
"GET /static/js/script.js HTTP/1.1" 200 10964
"GET /static/img/erik.png HTTP/1.1" 200 2835435
"GET /static/img/dadi.png HTTP/1.1" 200 2755553
"GET /static/favicon/favicon.ico HTTP/1.1" 200 15406
"GET / HTTP/1.1" 200 42499
"GET /static/css/style.css HTTP/1.1" 200 25738
"GET /static/img/dds-mgmt1.png HTTP/1.1" 200 58760
"GET /static/js/script.js HTTP/1.1" 200 10964
"GET /static/img/dadi.png HTTP/1.1" 200 2755553
"GET /static/img/erik.png HTTP/1.1" 200 2835435
"GET /static/favicon/favicon.ico HTTP/1.1" 200 15406
Watching for file changes with StatReloader
"GET / HTTP/1.1" 200 42494
"GET /static/css/style.css HTTP/1.1" 200 25738
"GET /static/js/script.js HTTP/1.1" 200 10964
"GET /static/img/dds-mgmt1.png HTTP/1.1" 200 58760
"GET /static/img/erik.png HTTP/1.1" 200 2835435
"GET /static/img/dadi.png HTTP/1.1" 200 2755553
"GET /static/favicon/favicon.ico HTTP/1.1" 200 15406
Watching for file changes with StatReloader
"GET / HTTP/1.1" 200 42668
"GET /static/css/style.css HTTP/1.1" 200 25738
"GET /static/js/script.js HTTP/1.1" 200 10964
"GET /static/img/dds-mgmt1.png HTTP/1.1" 200 58760
"GET /static/img/erik.png HTTP/1.1" 200 2835435
"GET /static/img/dadi.png HTTP/1.1" 200 2755553
"GET /static/favicon/favicon.ico HTTP/1.1" 200 15406
Not Found: /.well-known/appspecific/com.chrome.devtools.json
"GET /.well-known/appspecific/com.chrome.devtools.json HTTP/1.1" 404 3341
Watching for file changes with StatReloader
Watching for file changes with StatReloader
"GET / HTTP/1.1" 200 42668
"GET /static/css/style.css HTTP/1.1" 200 25738
"GET /static/img/dds-mgmt1.png HTTP/1.1" 200 58760
"GET /static/js/script.js HTTP/1.1" 200 10964
"GET /static/img/dadi.png HTTP/1.1" 200 2755553
"GET /static/img/erik.png HTTP/1.1" 200 2835435
"GET /static/favicon/site.webmanifest HTTP/1.1" 200 263
"GET /static/favicon/favicon.ico HTTP/1.1" 200 15406
Watching for file changes with StatReloader
"GET / HTTP/1.1" 200 42438
"GET /static/js/script.js HTTP/1.1" 200 10964
"GET /static/css/style.css HTTP/1.1" 200 25738
"GET /static/img/dds-mgmt1.png HTTP/1.1" 200 58760
"GET /static/img/dadi.png HTTP/1.1" 200 2755553
"GET /static/img/erik.png HTTP/1.1" 200 2835435
"GET /static/favicon/site.webmanifest HTTP/1.1" 304 0
"GET /static/favicon/favicon.ico HTTP/1.1" 200 15406
Not Found: /.well-known/appspecific/com.chrome.devtools.json
"GET /.well-known/appspecific/com.chrome.devtools.json HTTP/1.1" 404 3341
Watching for file changes with StatReloader
"GET / HTTP/1.1" 200 41586
Not Found: /.well-known/appspecific/com.chrome.devtools.json
"GET /static/css/style.css HTTP/1.1" 200 25738
"GET /.well-known/appspecific/com.chrome.devtools.json HTTP/1.1" 404 3341
"GET /static/js/script.js HTTP/1.1" 200 10964
"GET /static/img/dds-mgmt1.png HTTP/1.1" 200 58760
"GET /static/img/erik.png HTTP/1.1" 200 2835435
"GET /static/img/dadi.png HTTP/1.1" 200 2755553
"GET /static/favicon/site.webmanifest HTTP/1.1" 304 0
"GET /static/favicon/favicon.ico HTTP/1.1" 200 15406
Not Found: /.well-known/appspecific/com.chrome.devtools.json
"GET /.well-known/appspecific/com.chrome.devtools.json HTTP/1.1" 404 3341
Watching for file changes with StatReloader
"GET / HTTP/1.1" 200 41586
"GET /static/css/style.css HTTP/1.1" 200 26405
"GET /static/img/dds-mgmt1.png HTTP/1.1" 200 58760
"GET /static/js/script.js HTTP/1.1" 200 10964
"GET /static/img/dadi.png HTTP/1.1" 200 2755553
"GET /static/img/erik.png HTTP/1.1" 200 2835435
"GET /static/favicon/site.webmanifest HTTP/1.1" 304 0
"GET /static/favicon/favicon.ico HTTP/1.1" 200 15406
"GET / HTTP/1.1" 200 41586
"GET /static/css/style.css HTTP/1.1" 200 26443
"GET /static/img/dds-mgmt1.png HTTP/1.1" 200 58760
"GET /static/js/script.js HTTP/1.1" 200 10964
"GET /static/img/dadi.png HTTP/1.1" 200 2755553
"GET /static/img/erik.png HTTP/1.1" 200 2835435
"GET /static/favicon/favicon.ico HTTP/1.1" 200 15406
"GET / HTTP/1.1" 200 41586
"GET /static/css/style.css HTTP/1.1" 200 26443
"GET /static/img/dds-mgmt1.png HTTP/1.1" 200 58760
"GET /static/js/script.js HTTP/1.1" 200 10964
"GET /static/img/dadi.png HTTP/1.1" 200 2755553
"GET /static/img/erik.png HTTP/1.1" 200 2835435
"GET /static/favicon/favicon.ico HTTP/1.1" 200 15406
Watching for file changes with StatReloader
"GET / HTTP/1.1" 200 41586
"GET /static/js/script.js HTTP/1.1" 200 10964
"GET /static/css/style.css HTTP/1.1" 200 26443
"GET /static/img/dds-mgmt1.png HTTP/1.1" 200 58760
"GET /static/img/dadi.png HTTP/1.1" 200 2755553
"GET /static/img/erik.png HTTP/1.1" 200 2835435
"GET /static/favicon/favicon.ico HTTP/1.1" 200 15406
"GET / HTTP/1.1" 200 41586
"GET /static/css/style.css HTTP/1.1" 200 26443
"GET /static/img/dds-mgmt1.png HTTP/1.1" 200 58760
"GET /static/js/script.js HTTP/1.1" 200 10964
"GET /static/img/erik.png HTTP/1.1" 200 2835435
"GET /static/img/dadi.png HTTP/1.1" 200 2755553
"GET /static/favicon/favicon.ico HTTP/1.1" 200 15406
"GET / HTTP/1.1" 200 41586
"GET /static/img/dds-mgmt1.png HTTP/1.1" 200 58760
"GET /static/css/style.css HTTP/1.1" 200 26481
"GET /static/js/script.js HTTP/1.1" 200 10964
"GET /static/img/erik.png HTTP/1.1" 200 2835435
"GET /static/img/dadi.png HTTP/1.1" 200 2755553
"GET /static/favicon/favicon.ico HTTP/1.1" 200 15406
Watching for file changes with StatReloader
"GET / HTTP/1.1" 200 41586
"GET /static/css/style.css HTTP/1.1" 200 26682
"GET /static/img/dds-mgmt1.png HTTP/1.1" 200 58760
"GET /static/js/script.js HTTP/1.1" 200 10964
"GET /static/img/dadi.png HTTP/1.1" 200 2755553
"GET /static/img/erik.png HTTP/1.1" 200 2835435
"GET /static/favicon/site.webmanifest HTTP/1.1" 304 0
"GET /static/favicon/favicon.ico HTTP/1.1" 200 15406
"GET / HTTP/1.1" 200 41586
"GET /static/css/style.css HTTP/1.1" 200 26682
"GET /static/js/script.js HTTP/1.1" 200 10964
"GET /static/img/dds-mgmt1.png HTTP/1.1" 200 58760
"GET /static/img/erik.png HTTP/1.1" 200 2835435
"GET /static/img/dadi.png HTTP/1.1" 200 2755553
"GET /static/favicon/favicon.ico HTTP/1.1" 200 15406
"GET / HTTP/1.1" 200 41586
"GET /static/css/style.css HTTP/1.1" 200 26682
"GET /static/img/dds-mgmt1.png HTTP/1.1" 200 58760
"GET /static/js/script.js HTTP/1.1" 200 10964
"GET /static/img/erik.png HTTP/1.1" 200 2835435
"GET /static/img/dadi.png HTTP/1.1" 200 2755553
"GET /static/favicon/favicon.ico HTTP/1.1" 200 15406
"GET / HTTP/1.1" 200 41586
"GET /static/js/script.js HTTP/1.1" 200 10964
"GET /static/css/style.css HTTP/1.1" 200 26682
"GET /static/img/dds-mgmt1.png HTTP/1.1" 200 58760
"GET /static/img/erik.png HTTP/1.1" 200 2835435
"GET /static/img/dadi.png HTTP/1.1" 200 2755553
"GET /static/favicon/favicon.ico HTTP/1.1" 200 15406
"GET / HTTP/1.1" 200 41586
"GET /static/css/style.css HTTP/1.1" 200 26682
"GET /static/js/script.js HTTP/1.1" 200 10964
"GET /static/img/dds-mgmt1.png HTTP/1.1" 200 58760
"GET /static/img/erik.png HTTP/1.1" 200 2835435
"GET /static/img/dadi.png HTTP/1.1" 200 2755553
"GET /static/favicon/favicon.ico HTTP/1.1" 200 15406
"GET / HTTP/1.1" 200 41586
"GET /static/css/style.css HTTP/1.1" 200 26682
"GET /static/img/dds-mgmt1.png HTTP/1.1" 200 58760
"GET /static/js/script.js HTTP/1.1" 200 10964
"GET /static/img/dadi.png HTTP/1.1" 200 2755553
"GET /static/img/erik.png HTTP/1.1" 200 2835435
"GET /static/favicon/favicon.ico HTTP/1.1" 200 15406
"GET / HTTP/1.1" 200 41586
"GET /static/img/dds-mgmt1.png HTTP/1.1" 200 58760
"GET /static/css/style.css HTTP/1.1" 200 26682
"GET /static/js/script.js HTTP/1.1" 200 10964
"GET /static/img/erik.png HTTP/1.1" 200 2835435
"GET /static/img/dadi.png HTTP/1.1" 200 2755553
"GET / HTTP/1.1" 200 41586
"GET /static/favicon/favicon.ico HTTP/1.1" 200 15406
"GET /static/css/style.css HTTP/1.1" 200 26682
"GET /static/img/dds-mgmt1.png HTTP/1.1" 200 58760
"GET /static/js/script.js HTTP/1.1" 200 10964
"GET /static/favicon/favicon-32x32.png HTTP/1.1" 200 1389
"GET /static/img/dadi.png HTTP/1.1" 200 2755553
"GET /static/img/erik.png HTTP/1.1" 200 2835435
"GET / HTTP/1.1" 200 41586
"GET /static/css/style.css HTTP/1.1" 200 26682
"GET /static/img/dds-mgmt1.png HTTP/1.1" 200 58760
"GET /static/js/script.js HTTP/1.1" 200 10964
"GET /static/img/dadi.png HTTP/1.1" 200 2755553
"GET /static/img/erik.png HTTP/1.1" 200 2835435
"GET /static/favicon/favicon.ico HTTP/1.1" 200 15406
"GET / HTTP/1.1" 200 41586
"GET /static/css/style.css HTTP/1.1" 200 26682
"GET /static/js/script.js HTTP/1.1" 200 10964
"GET /static/img/dds-mgmt1.png HTTP/1.1" 200 58760
"GET /static/img/dadi.png HTTP/1.1" 200 2755553
"GET /static/img/erik.png HTTP/1.1" 200 2835435
"GET / HTTP/1.1" 200 41586
"GET /static/js/script.js HTTP/1.1" 200 10964
"GET /static/css/style.css HTTP/1.1" 200 26682
"GET /static/img/dds-mgmt1.png HTTP/1.1" 200 58760
"GET /static/favicon/favicon.ico HTTP/1.1" 200 15406
"GET /static/img/dadi.png HTTP/1.1" 200 2755553
"GET /static/img/erik.png HTTP/1.1" 200 2835435
"GET / HTTP/1.1" 200 41586
"GET /static/css/style.css HTTP/1.1" 200 26682
"GET /static/img/dds-mgmt1.png HTTP/1.1" 200 58760
"GET /static/js/script.js HTTP/1.1" 200 10964
"GET /static/img/dadi.png HTTP/1.1" 200 2755553
"GET /static/img/erik.png HTTP/1.1" 200 2835435
"GET /static/favicon/favicon.ico HTTP/1.1" 200 15406
"GET / HTTP/1.1" 200 41586
"GET /static/css/style.css HTTP/1.1" 200 26682
"GET /static/img/dds-mgmt1.png HTTP/1.1" 200 58760
"GET /static/js/script.js HTTP/1.1" 200 10964
"GET / HTTP/1.1" 200 41586
"GET /static/css/style.css HTTP/1.1" 200 26682
"GET /static/img/dds-mgmt1.png HTTP/1.1" 200 58760
"GET /static/js/script.js HTTP/1.1" 200 10964
"GET /static/img/dadi.png HTTP/1.1" 200 2755553
"GET /static/img/erik.png HTTP/1.1" 200 2835435
"GET /static/favicon/favicon.ico HTTP/1.1" 200 15406
"GET / HTTP/1.1" 200 41586
"GET /static/favicon/site.webmanifest HTTP/1.1" 200 263
"GET /static/js/script.js HTTP/1.1" 200 10964
"GET /static/css/style.css HTTP/1.1" 200 26682
"GET /static/img/dds-mgmt1.png HTTP/1.1" 200 58760
"GET /static/img/erik.png HTTP/1.1" 200 2835435
"GET /static/img/dadi.png HTTP/1.1" 200 2755553
"GET /static/favicon/favicon-16x16.png HTTP/1.1" 200 574
"GET /static/favicon/favicon-32x32.png HTTP/1.1" 200 1389
"GET /static/favicon/favicon.ico HTTP/1.1" 200 15406
Watching for file changes with StatReloader
"GET / HTTP/1.1" 200 41586
"GET /static/js/script.js HTTP/1.1" 200 10964
"GET /static/css/style.css HTTP/1.1" 200 26682
"GET /static/img/dds-mgmt1.png HTTP/1.1" 200 58760
"GET /static/img/dadi.png HTTP/1.1" 200 2755553
"GET /static/img/erik.png HTTP/1.1" 200 2835435
"GET /static/favicon/site.webmanifest HTTP/1.1" 304 0
"GET /static/favicon/favicon.ico HTTP/1.1" 200 15406
"GET / HTTP/1.1" 200 41586
"GET /static/css/style.css HTTP/1.1" 200 26682
"GET /static/img/dds-mgmt1.png HTTP/1.1" 200 58760
"GET /static/js/script.js HTTP/1.1" 200 10964
"GET /static/img/dadi.png HTTP/1.1" 200 2755553
"GET /static/img/erik.png HTTP/1.1" 200 2835435
"GET /static/favicon/favicon.ico HTTP/1.1" 200 15406
"GET /static/css/style.css HTTP/1.1" 304 0
Not Found: /.well-known/appspecific/com.chrome.devtools.json
"GET /.well-known/appspecific/com.chrome.devtools.json HTTP/1.1" 404 3341
Watching for file changes with StatReloader
"GET / HTTP/1.1" 200 41586
"GET /static/img/dds-mgmt1.png HTTP/1.1" 200 58760
"GET /static/css/style.css HTTP/1.1" 200 26682
"GET /static/js/script.js HTTP/1.1" 200 10964
"GET /static/img/dadi.png HTTP/1.1" 200 2755553
"GET /static/img/erik.png HTTP/1.1" 200 2835435
"GET /static/favicon/favicon.ico HTTP/1.1" 200 15406
"GET / HTTP/1.1" 200 41586
"GET /static/img/dds-mgmt1.png HTTP/1.1" 200 58760
"GET /static/css/style.css HTTP/1.1" 200 26682
"GET /static/js/script.js HTTP/1.1" 200 10964
"GET /static/img/dadi.png HTTP/1.1" 200 2755553
"GET /static/img/erik.png HTTP/1.1" 200 2835435
"GET /static/favicon/favicon.ico HTTP/1.1" 200 15406
Watching for file changes with StatReloader
"GET / HTTP/1.1" 200 41586
"GET /static/js/script.js HTTP/1.1" 200 10964
"GET /static/img/dds-mgmt1.png HTTP/1.1" 200 58760
"GET /static/css/style.css HTTP/1.1" 200 26682
"GET /static/img/erik.png HTTP/1.1" 200 2835435
"GET /static/img/dadi.png HTTP/1.1" 200 2755553
"GET /static/favicon/favicon.ico HTTP/1.1" 200 15406
"GET / HTTP/1.1" 200 41586
"GET /static/css/style.css HTTP/1.1" 200 26682
"GET /static/js/script.js HTTP/1.1" 200 10964
"GET /static/img/dds-mgmt1.png HTTP/1.1" 200 58760
"GET /static/img/dadi.png HTTP/1.1" 200 2755553
"GET /static/img/erik.png HTTP/1.1" 200 2835435
"GET /static/favicon/favicon.ico HTTP/1.1" 200 15406
/Users/kevinolmheden/Documents/OwnProjectsVscode/DDS-Management/dds/settings.py changed, reloading.
Watching for file changes with StatReloader
- Broken pipe from ('127.0.0.1', 56356)
"GET / HTTP/1.1" 200 41586
"GET /static/js/script.js HTTP/1.1" 200 10964
"GET /static/css/style.css HTTP/1.1" 200 26682
"GET /static/img/dds-mgmt1.png HTTP/1.1" 200 58760
"GET /static/img/dadi.png HTTP/1.1" 200 2755553
"GET /static/img/erik.png HTTP/1.1" 200 2835435
"GET /static/favicon/favicon.ico HTTP/1.1" 200 15406
Watching for file changes with StatReloader
"GET / HTTP/1.1" 200 41586
"GET /static/js/script.js HTTP/1.1" 200 10964
"GET /static/img/dds-mgmt1.png HTTP/1.1" 200 58760
"GET /static/css/style.css HTTP/1.1" 200 26682
"GET /static/img/dadi.png HTTP/1.1" 200 2755553
"GET /static/img/erik.png HTTP/1.1" 200 2835435
"GET /static/favicon/favicon.ico HTTP/1.1" 200 15406
"GET /static/css/style.css HTTP/1.1" 304 0
Not Found: /.well-known/appspecific/com.chrome.devtools.json
"GET /.well-known/appspecific/com.chrome.devtools.json HTTP/1.1" 404 3341
"GET /static/img/dadi.png HTTP/1.1" 200 2755553
"GET / HTTP/1.1" 200 41586
"GET /static/js/script.js HTTP/1.1" 200 10964
"GET /static/css/style.css HTTP/1.1" 200 26700
"GET /static/img/dds-mgmt1.png HTTP/1.1" 200 58760
Not Found: /.well-known/appspecific/com.chrome.devtools.json
"GET /.well-known/appspecific/com.chrome.devtools.json HTTP/1.1" 404 3341
"GET /static/img/dadi.png HTTP/1.1" 200 2755553
"GET /static/img/erik.png HTTP/1.1" 200 2835435
"GET /static/favicon/site.webmanifest HTTP/1.1" 304 0
"GET /static/favicon/favicon.ico HTTP/1.1" 200 15406
Not Found: /.well-known/appspecific/com.chrome.devtools.json
"GET /static/css/style.css HTTP/1.1" 304 0
"GET /.well-known/appspecific/com.chrome.devtools.json HTTP/1.1" 404 3341
Watching for file changes with StatReloader
"GET / HTTP/1.1" 200 41586
"GET /static/img/dds-mgmt1.png HTTP/1.1" 200 58760
"GET /static/css/style.css HTTP/1.1" 200 26733
"GET /static/js/script.js HTTP/1.1" 200 10964
Not Found: /.well-known/appspecific/com.chrome.devtools.json
"GET /.well-known/appspecific/com.chrome.devtools.json HTTP/1.1" 404 3341
"GET /static/img/dadi.png HTTP/1.1" 200 2755553
"GET /static/img/erik.png HTTP/1.1" 200 2835435
"GET /static/favicon/favicon.ico HTTP/1.1" 200 15406
"GET /static/css/style.css HTTP/1.1" 304 0
Not Found: /.well-known/appspecific/com.chrome.devtools.json
"GET /.well-known/appspecific/com.chrome.devtools.json HTTP/1.1" 404 3341
"GET / HTTP/1.1" 200 41586
"GET /static/img/dds-mgmt1.png HTTP/1.1" 200 58760
"GET /static/css/style.css HTTP/1.1" 200 26766
Not Found: /.well-known/appspecific/com.chrome.devtools.json
"GET /.well-known/appspecific/com.chrome.devtools.json HTTP/1.1" 404 3341
"GET /static/js/script.js HTTP/1.1" 200 10964
"GET /static/img/dadi.png HTTP/1.1" 200 2755553
"GET /static/img/erik.png HTTP/1.1" 200 2835435
"GET /static/favicon/favicon.ico HTTP/1.1" 200 15406
"GET / HTTP/1.1" 200 41586
Not Found: /.well-known/appspecific/com.chrome.devtools.json
"GET /.well-known/appspecific/com.chrome.devtools.json HTTP/1.1" 404 3341
"GET /static/js/script.js HTTP/1.1" 200 10964
"GET /static/css/style.css HTTP/1.1" 200 26799
"GET /static/img/dds-mgmt1.png HTTP/1.1" 200 58760
"GET /static/img/dadi.png HTTP/1.1" 200 2755553
"GET /static/img/erik.png HTTP/1.1" 200 2835435
"GET /static/favicon/favicon.ico HTTP/1.1" 200 15406
"GET / HTTP/1.1" 200 41586
Not Found: /.well-known/appspecific/com.chrome.devtools.json
"GET /.well-known/appspecific/com.chrome.devtools.json HTTP/1.1" 404 3341
"GET /static/js/script.js HTTP/1.1" 200 10964
"GET /static/css/style.css HTTP/1.1" 200 26733
"GET /static/img/dds-mgmt1.png HTTP/1.1" 200 58760
"GET /static/img/dadi.png HTTP/1.1" 200 2755553
"GET /static/img/erik.png HTTP/1.1" 200 2835435
"GET /static/favicon/favicon.ico HTTP/1.1" 200 15406
"GET / HTTP/1.1" 200 41586
"GET /static/css/style.css HTTP/1.1" 200 26720
"GET /static/img/dds-mgmt1.png HTTP/1.1" 200 58760
"GET /static/js/script.js HTTP/1.1" 200 10964
"GET /static/img/erik.png HTTP/1.1" 200 2835435
"GET /static/img/dadi.png HTTP/1.1" 200 2755553
"GET /static/favicon/favicon.ico HTTP/1.1" 200 15406
"GET / HTTP/1.1" 200 41586
"GET /static/css/style.css HTTP/1.1" 200 26707
"GET /static/img/dds-mgmt1.png HTTP/1.1" 200 58760
"GET /static/js/script.js HTTP/1.1" 200 10964
"GET /static/img/erik.png HTTP/1.1" 200 2835435
"GET /static/img/dadi.png HTTP/1.1" 200 2755553
"GET /static/favicon/favicon.ico HTTP/1.1" 200 15406
"GET /admin/ HTTP/1.1" 302 0
"GET /admin/login/?next=/admin/ HTTP/1.1" 200 4160
"GET /static/admin/css/nav_sidebar.css HTTP/1.1" 200 2694
"GET /static/admin/css/dark_mode.css HTTP/1.1" 200 2929
"GET /static/admin/css/responsive.css HTTP/1.1" 200 18559
"GET /static/admin/css/base.css HTTP/1.1" 200 21310
"GET /static/admin/js/theme.js HTTP/1.1" 200 1943
"GET /static/admin/css/login.css HTTP/1.1" 200 958
"GET /static/admin/js/nav_sidebar.js HTTP/1.1" 200 3063
Not Found: /favicon.ico
"GET /favicon.ico HTTP/1.1" 404 3230
"POST /admin/login/?next=/admin/ HTTP/1.1" 302 0
"GET /admin/ HTTP/1.1" 200 13195
"GET /static/admin/css/dashboard.css HTTP/1.1" 200 441
"GET /static/admin/img/icon-changelink.svg HTTP/1.1" 200 380
"GET /static/admin/img/icon-addlink.svg HTTP/1.1" 200 331
"GET /static/admin/img/icon-deletelink.svg HTTP/1.1" 200 392
"GET /admin/blog/post/ HTTP/1.1" 200 21801
"GET /static/admin/css/changelists.css HTTP/1.1" 200 6566
"GET /static/admin/css/forms.css HTTP/1.1" 200 9090
"GET /static/admin/js/admin/RelatedObjectLookups.js HTTP/1.1" 200 8943
"GET /static/admin/js/core.js HTTP/1.1" 200 5682
"GET /static/admin/js/actions.js HTTP/1.1" 200 7872
"GET /static/admin/js/urlify.js HTTP/1.1" 200 7887
"GET /static/admin/css/widgets.css HTTP/1.1" 200 11921
"GET /static/admin/js/jquery.init.js HTTP/1.1" 200 347
"GET /static/admin/js/prepopulate.js HTTP/1.1" 200 1531
"GET /static/admin/img/search.svg HTTP/1.1" 200 458
"GET /static/admin/js/vendor/jquery/jquery.js HTTP/1.1" 200 292458
"GET /static/admin/js/vendor/xregexp/xregexp.js HTTP/1.1" 200 232381
"GET /static/admin/js/filters.js HTTP/1.1" 200 978
"GET /admin/jsi18n/ HTTP/1.1" 200 3342
"GET /static/admin/img/sorting-icons.svg HTTP/1.1" 200 1097
"GET /static/admin/img/tooltag-add.svg HTTP/1.1" 200 331
"GET /static/admin/img/icon-viewlink.svg HTTP/1.1" 200 581
"POST /admin/blog/post/ HTTP/1.1" 200 11263
"GET /static/admin/js/cancel.js HTTP/1.1" 200 884
- Broken pipe from ('127.0.0.1', 57202)
"POST /admin/blog/post/ HTTP/1.1" 302 0
"GET /admin/blog/post/ HTTP/1.1" 200 12913
"GET /admin/jsi18n/ HTTP/1.1" 200 3342
"GET /static/css/style.css HTTP/1.1" 304 0
"GET /static/favicon/site.webmanifest HTTP/1.1" 304 0
"GET /admin/ HTTP/1.1" 200 12809
"GET /admin/blog/post/ HTTP/1.1" 200 12913
"GET /admin/jsi18n/ HTTP/1.1" 200 3342
"GET /admin/ HTTP/1.1" 200 12809
"GET /admin/blog/category/ HTTP/1.1" 200 9916
"GET /admin/jsi18n/ HTTP/1.1" 200 3342
"GET /admin/ HTTP/1.1" 200 12809
"GET /static/css/style.css HTTP/1.1" 304 0
Watching for file changes with StatReloader
"GET / HTTP/1.1" 200 20565
"GET /static/js/script.js HTTP/1.1" 200 10964
"GET /static/img/dds-mgmt1.png HTTP/1.1" 200 58760
"GET /static/css/style.css HTTP/1.1" 200 26707
"GET /static/favicon/favicon.ico HTTP/1.1" 200 15406
"GET /static/img/dadi.png HTTP/1.1" 200 2755553
"GET /static/img/erik.png HTTP/1.1" 200 2835435
"GET /static/css/style.css HTTP/1.1" 304 0
Not Found: /.well-known/appspecific/com.chrome.devtools.json
"GET /.well-known/appspecific/com.chrome.devtools.json HTTP/1.1" 404 3341
"GET / HTTP/1.1" 200 20565
"GET /static/js/script.js HTTP/1.1" 200 10964
"GET /static/css/style.css HTTP/1.1" 200 26675
Not Found: /.well-known/appspecific/com.chrome.devtools.json
"GET /.well-known/appspecific/com.chrome.devtools.json HTTP/1.1" 404 3341
"GET /static/img/dds-mgmt1.png HTTP/1.1" 200 58760
"GET /static/favicon/favicon.ico HTTP/1.1" 200 15406
"GET /static/img/erik.png HTTP/1.1" 200 2835435
"GET /static/img/dadi.png HTTP/1.1" 200 2755553
Watching for file changes with StatReloader
"GET / HTTP/1.1" 200 20565
"GET /static/js/script.js HTTP/1.1" 200 10964
"GET /static/css/style.css HTTP/1.1" 200 28536
"GET /static/img/dds-mgmt1.png HTTP/1.1" 200 58760
"GET /static/favicon/favicon.ico HTTP/1.1" 200 15406
"GET /static/img/erik.png HTTP/1.1" 200 2835435
"GET /static/css/style.css HTTP/1.1" 304 0
Not Found: /.well-known/appspecific/com.chrome.devtools.json
"GET /.well-known/appspecific/com.chrome.devtools.json HTTP/1.1" 404 3341
"GET / HTTP/1.1" 200 20565
"GET /static/js/script.js HTTP/1.1" 200 10964
"GET /static/css/style.css HTTP/1.1" 200 28312
"GET /static/img/dds-mgmt1.png HTTP/1.1" 200 58760
Not Found: /.well-known/appspecific/com.chrome.devtools.json
"GET /.well-known/appspecific/com.chrome.devtools.json HTTP/1.1" 404 3341
"GET /static/favicon/favicon.ico HTTP/1.1" 200 15406
"GET /static/favicon/site.webmanifest HTTP/1.1" 304 0
"GET / HTTP/1.1" 200 20565
"GET /static/css/style.css HTTP/1.1" 200 28175
"GET /static/img/dds-mgmt1.png HTTP/1.1" 200 58760
"GET /static/js/script.js HTTP/1.1" 200 10964
"GET /static/favicon/favicon.ico HTTP/1.1" 200 15406
"GET /static/img/dadi.png HTTP/1.1" 200 2755553
"GET /static/img/erik.png HTTP/1.1" 200 2835435
"GET / HTTP/1.1" 200 20565
"GET /static/css/style.css HTTP/1.1" 200 28175
"GET /static/img/dds-mgmt1.png HTTP/1.1" 200 58760
"GET /static/js/script.js HTTP/1.1" 200 10964
"GET /static/img/erik.png HTTP/1.1" 200 2835435
"GET /static/img/dadi.png HTTP/1.1" 200 2755553
"GET /static/favicon/favicon.ico HTTP/1.1" 200 15406
/Users/kevinolmheden/Documents/OwnProjectsVscode/DDS-Management/home/views.py changed, reloading.
Watching for file changes with StatReloader
"POST /contact/ HTTP/1.1" 302 0
"GET / HTTP/1.1" 200 20656
"GET /static/img/dds-mgmt1.png HTTP/1.1" 304 0
"GET /static/css/style.css HTTP/1.1" 200 30580
"GET /static/js/script.js HTTP/1.1" 200 13345
"GET /static/img/dadi.png HTTP/1.1" 304 0
"GET /static/img/erik.png HTTP/1.1" 304 0
"GET /static/favicon/site.webmanifest HTTP/1.1" 304 0
"POST /contact/ HTTP/1.1" 200 89
"GET / HTTP/1.1" 200 20656
"GET /static/img/dds-mgmt1.png HTTP/1.1" 200 58760
"GET /static/css/style.css HTTP/1.1" 200 30628
"GET /static/js/script.js HTTP/1.1" 200 14130
"GET /static/favicon/favicon.ico HTTP/1.1" 200 15406
"GET /static/img/erik.png HTTP/1.1" 200 2835435
"GET /static/img/dadi.png HTTP/1.1" 200 2755553
Watching for file changes with StatReloader
"GET / HTTP/1.1" 200 21652
"GET /static/css/style.css HTTP/1.1" 304 0
"GET /static/img/dds-mgmt1.png HTTP/1.1" 304 0
"GET /static/js/script.js HTTP/1.1" 304 0
"GET /static/img/erik.png HTTP/1.1" 304 0
"GET /static/img/dadi.png HTTP/1.1" 304 0
"GET /static/favicon/site.webmanifest HTTP/1.1" 304 0
"GET /static/favicon/favicon.ico HTTP/1.1" 304 0
"GET / HTTP/1.1" 200 21652
"GET /static/js/script.js HTTP/1.1" 200 14130
"GET /static/css/style.css HTTP/1.1" 200 30628
"GET /static/img/dds-mgmt1.png HTTP/1.1" 200 58760
"GET /static/img/erik.png HTTP/1.1" 200 2835435
"GET /static/img/dadi.png HTTP/1.1" 200 2755553
"GET /static/favicon/favicon.ico HTTP/1.1" 200 15406
"GET / HTTP/1.1" 200 21652
"GET /static/css/style.css HTTP/1.1" 200 30628
"GET /static/img/dds-mgmt1.png HTTP/1.1" 200 58760
"GET /static/js/script.js HTTP/1.1" 200 14130
"GET /static/img/erik.png HTTP/1.1" 200 2835435
"GET /static/img/dadi.png HTTP/1.1" 200 2755553
"GET /static/favicon/favicon.ico HTTP/1.1" 200 15406
Watching for file changes with StatReloader
"GET / HTTP/1.1" 200 21635
"GET /static/js/script.js HTTP/1.1" 200 14130
"GET /static/css/style.css HTTP/1.1" 200 30628
"GET /static/img/dds-mgmt1.png HTTP/1.1" 200 58760
"GET /static/img/dadi.png HTTP/1.1" 200 2755553
"GET /static/img/erik.png HTTP/1.1" 200 2835435
"GET /static/favicon/favicon.ico HTTP/1.1" 200 15406
